<?xml version="1.0" encoding="UTF-8"?>
<!-- Generated by org.testng.reporters.JUnitReportReporter -->
<testsuite hostname="DESKTOP-OS617JJ" failures="0" tests="2" name="tests.bookStore.LoginPageTests" time="13.824" errors="0" timestamp="2023-05-11T15:51:54 CEST" skipped="1">
  <testcase classname="tests.bookStore.LoginPageTests" name="loginPositiveWithParametersTests" time="13.824"/>
  <system-out/>
  <testcase classname="tests.bookStore.LoginPageTests" name="loginPositiveTests">
    <skipped/>
  </testcase> <!-- loginPositiveTests -->
  <system-out/>
</testsuite> <!-- tests.bookStore.LoginPageTests -->
